----- 2025-05-23 17:50:53.79 ----- 
Pulling latest changes... 
Already up to date.
Pull successful. 
Pushing local changes... 
warning: LF will be replaced by CRLF in git_sync.log.
The file will have its original line endings in your working directory
[main 6848654] Auto-sync from PC
 2 files changed, 11 insertions(+), 49 deletions(-)
 create mode 100644 git_sync.log
To https://github.com/daniel-d7a/obsidian-vaults.git
   410b152..6848654  main -> main
Push successful. 
----- 2025-05-23 17:52:53.93 ----- 
Pulling latest changes... 
Already up to date.
Pushing local changes... 
warning: LF will be replaced by CRLF in .obsidian/workspace.json.
The file will have its original line endings in your working directory
warning: LF will be replaced by CRLF in git_sync.log.
The file will have its original line endings in your working directory
[main 6aca0ca] Auto-sync from PC
 2 files changed, 13 insertions(+), 1 deletion(-)
To https://github.com/daniel-d7a/obsidian-vaults.git
   6848654..6aca0ca  main -> main
Git sync completed successfully. 
----- 2025-05-23 17:56:44.48 ----- 
Pulling latest changes... 
Already up to date.
Pushing local changes... 
warning: LF will be replaced by CRLF in git_sync.log.
The file will have its original line endings in your working directory
[main 0f18582] Auto-sync from PC
 1 file changed, 13 insertions(+)
To https://github.com/daniel-d7a/obsidian-vaults.git
   6aca0ca..0f18582  main -> main
----- 2025-05-23 18:06:02.49 ----- 
Pulling latest changes... 
Already up to date.
Pushing local changes... 
warning: LF will be replaced by CRLF in git_sync.log.
The file will have its original line endings in your working directory
[main 746a2b7] Auto-sync from PC
 1 file changed, 10 insertions(+)
To https://github.com/daniel-d7a/obsidian-vaults.git
   0f18582..746a2b7  main -> main
----- 2025-05-23 18:08:29.89 ----- 
Pulling latest changes... 
Already up to date.
Pushing local changes... 
warning: LF will be replaced by CRLF in git_sync.log.
The file will have its original line endings in your working directory
[main 2ff3e08] Auto-sync from PC
 1 file changed, 10 insertions(+)
To https://github.com/daniel-d7a/obsidian-vaults.git
   746a2b7..2ff3e08  main -> main
----- 2025-05-23 18:09:45.13 ----- 
Pulling latest changes... 
Already up to date.
Pushing local changes... 
warning: LF will be replaced by CRLF in git_sync.log.
The file will have its original line endings in your working directory
[main c04cb80] Auto-sync from PC
 1 file changed, 10 insertions(+)
To https://github.com/daniel-d7a/obsidian-vaults.git
   2ff3e08..c04cb80  main -> main
----- 2025-05-23 18:10:19.95 ----- 
Pulling latest changes... 
Already up to date.
Pushing local changes... 
warning: LF will be replaced by CRLF in git_sync.log.
The file will have its original line endings in your working directory
[main 22c4f40] Auto-sync from PC
 1 file changed, 10 insertions(+)
To https://github.com/daniel-d7a/obsidian-vaults.git
   c04cb80..22c4f40  main -> main
----- 2025-05-23 18:13:51.18 ----- 
Pulling latest changes... 
Already up to date.
Pushing local changes... 
warning: LF will be replaced by CRLF in git_sync.log.
The file will have its original line endings in your working directory
[main ab5789d] Auto-sync from PC
 1 file changed, 10 insertions(+)
To https://github.com/daniel-d7a/obsidian-vaults.git
   22c4f40..ab5789d  main -> main
----- 2025-05-23 18:14:21.03 ----- 
Pulling latest changes... 
Already up to date.
warning: LF will be replaced by CRLF in git_sync.log.
The file will have its original line endings in your working directory
[main 0ee5dcd] Auto-sync from PC
 1 file changed, 9 insertions(+)
To https://github.com/daniel-d7a/obsidian-vaults.git
   ab5789d..0ee5dcd  main -> main
----- 2025-05-23 18:16:01.23 ----- 
Pulling latest changes... 
Already up to date.
warning: LF will be replaced by CRLF in git_sync.log.
The file will have its original line endings in your working directory
[main b0bf6f5] Auto-sync from PC
 1 file changed, 9 insertions(+)
To https://github.com/daniel-d7a/obsidian-vaults.git
   0ee5dcd..b0bf6f5  main -> main
----- 2025-05-23 18:16:28.65 ----- 
Pulling latest changes... 
Already up to date.
